Determining if the pthread_create exist failed with the following output:
Change Dir: /home/ties/Documents/WorldOfRobots/World/world-beroepsproduct1/world_ws/build/CMakeFiles/CMakeTmp

Run Build Command:"/usr/bin/make" "cmTC_6a15d/fast"
/usr/bin/make -f CMakeFiles/cmTC_6a15d.dir/build.make CMakeFiles/cmTC_6a15d.dir/build
make[1]: Entering directory '/home/ties/Documents/WorldOfRobots/World/world-beroepsproduct1/world_ws/build/CMakeFiles/CMakeTmp'
Building C object CMakeFiles/cmTC_6a15d.dir/CheckSymbolExists.c.o
/usr/bin/cc    -o CMakeFiles/cmTC_6a15d.dir/CheckSymbolExists.c.o   -c /home/ties/Documents/WorldOfRobots/World/world-beroepsproduct1/world_ws/build/CMakeFiles/CMakeTmp/CheckSymbolExists.c
Linking C executable cmTC_6a15d
/usr/local/bin/cmake -E cmake_link_script CMakeFiles/cmTC_6a15d.dir/link.txt --verbose=1
/usr/bin/cc      -rdynamic CMakeFiles/cmTC_6a15d.dir/CheckSymbolExists.c.o  -o cmTC_6a15d 
CMakeFiles/cmTC_6a15d.dir/CheckSymbolExists.c.o: In function `main':
CheckSymbolExists.c:(.text+0x16): undefined reference to `pthread_create'
collect2: error: ld returned 1 exit status
CMakeFiles/cmTC_6a15d.dir/build.make:97: recipe for target 'cmTC_6a15d' failed
make[1]: *** [cmTC_6a15d] Error 1
make[1]: Leaving directory '/home/ties/Documents/WorldOfRobots/World/world-beroepsproduct1/world_ws/build/CMakeFiles/CMakeTmp'
Makefile:126: recipe for target 'cmTC_6a15d/fast' failed
make: *** [cmTC_6a15d/fast] Error 2

File /home/ties/Documents/WorldOfRobots/World/world-beroepsproduct1/world_ws/build/CMakeFiles/CMakeTmp/CheckSymbolExists.c:
/* */
#include <pthread.h>

int main(int argc, char** argv)
{
  (void)argv;
#ifndef pthread_create
  return ((int*)(&pthread_create))[argc];
#else
  (void)argc;
  return 0;
#endif
}

Determining if the function pthread_create exists in the pthreads failed with the following output:
Change Dir: /home/ties/Documents/WorldOfRobots/World/world-beroepsproduct1/world_ws/build/CMakeFiles/CMakeTmp

Run Build Command:"/usr/bin/make" "cmTC_a994b/fast"
/usr/bin/make -f CMakeFiles/cmTC_a994b.dir/build.make CMakeFiles/cmTC_a994b.dir/build
make[1]: Entering directory '/home/ties/Documents/WorldOfRobots/World/world-beroepsproduct1/world_ws/build/CMakeFiles/CMakeTmp'
Building C object CMakeFiles/cmTC_a994b.dir/CheckFunctionExists.c.o
/usr/bin/cc   -DCHECK_FUNCTION_EXISTS=pthread_create   -o CMakeFiles/cmTC_a994b.dir/CheckFunctionExists.c.o   -c /usr/local/share/cmake-3.10/Modules/CheckFunctionExists.c
Linking C executable cmTC_a994b
/usr/local/bin/cmake -E cmake_link_script CMakeFiles/cmTC_a994b.dir/link.txt --verbose=1
/usr/bin/cc  -DCHECK_FUNCTION_EXISTS=pthread_create    -rdynamic CMakeFiles/cmTC_a994b.dir/CheckFunctionExists.c.o  -o cmTC_a994b -lpthreads 
/usr/bin/x86_64-linux-gnu-ld: cannot find -lpthreads
collect2: error: ld returned 1 exit status
CMakeFiles/cmTC_a994b.dir/build.make:97: recipe for target 'cmTC_a994b' failed
make[1]: *** [cmTC_a994b] Error 1
make[1]: Leaving directory '/home/ties/Documents/WorldOfRobots/World/world-beroepsproduct1/world_ws/build/CMakeFiles/CMakeTmp'
Makefile:126: recipe for target 'cmTC_a994b/fast' failed
make: *** [cmTC_a994b/fast] Error 2


